SF:lib/app/pages/cubit/app_cubit.dart
DA:9,2
DA:13,1
DA:14,2
DA:15,1
DA:16,1
DA:17,1
DA:18,1
DA:19,1
DA:20,1
DA:22,1
LF:10
LH:10
end_of_record
SF:lib/app/utils/enums/errors.dart
DA:25,4
DA:27,4
DA:28,0
DA:29,4
DA:30,0
DA:31,4
DA:32,0
DA:33,4
DA:34,2
DA:35,4
DA:36,0
DA:37,4
DA:38,0
DA:39,4
DA:40,0
DA:41,4
DA:42,0
DA:43,4
DA:44,0
DA:45,4
DA:46,4
DA:47,3
DA:48,2
DA:49,2
DA:50,2
DA:51,1
DA:52,0
DA:53,1
DA:54,2
DA:55,0
DA:56,0
DA:57,0
DA:58,0
DA:60,0
LF:34
LH:20
end_of_record
SF:lib/app/pages/add_folder_words_page/cubit/add_folder_words_cubit.dart
DA:16,2
DA:21,1
DA:24,1
DA:25,2
DA:26,1
DA:29,1
DA:32,1
DA:33,0
DA:34,2
DA:38,1
DA:39,1
DA:40,2
DA:41,3
LF:13
LH:12
end_of_record
SF:lib/app/pages/folder_content_page/cubit/folder_content_cubit.dart
DA:11,1
DA:14,1
DA:19,1
DA:20,2
DA:21,1
DA:23,0
DA:24,2
DA:25,1
DA:26,5
DA:32,1
DA:33,3
DA:34,1
DA:36,0
DA:37,2
DA:41,0
DA:43,0
DA:44,0
LF:17
LH:12
end_of_record
SF:lib/app/pages/home_page/cubit/home_cubit.dart
DA:12,1
DA:16,1
DA:22,1
DA:23,2
DA:24,1
DA:25,4
DA:26,3
DA:30,1
DA:31,2
DA:32,1
DA:33,4
DA:34,2
DA:38,1
DA:39,2
DA:40,1
DA:41,4
DA:42,2
LF:17
LH:17
end_of_record
SF:lib/app/pages/login_page/cubit/login_cubit.dart
DA:11,2
DA:16,1
DA:17,1
DA:18,3
DA:20,1
DA:21,1
DA:22,3
DA:23,2
DA:25,1
DA:26,2
DA:27,1
DA:28,1
DA:29,3
DA:30,2
DA:32,1
DA:33,2
DA:34,1
DA:36,1
LF:18
LH:18
end_of_record
SF:lib/app/pages/registration_page/cubit/registration_cubit.dart
DA:12,2
DA:16,1
DA:21,1
DA:23,1
DA:24,2
DA:25,2
DA:28,1
DA:29,1
DA:33,1
DA:34,1
DA:35,1
DA:41,2
DA:42,1
DA:47,1
DA:48,2
DA:49,1
DA:54,2
DA:59,1
DA:65,2
DA:66,2
DA:69,1
DA:70,1
DA:72,2
DA:77,1
LF:24
LH:24
end_of_record
SF:lib/app/pages/user_profile_page/cubit/user_profile_cubit.dart
DA:15,0
DA:21,0
DA:29,0
DA:30,0
DA:31,0
DA:32,0
DA:33,0
DA:37,0
DA:38,0
DA:39,0
DA:45,0
DA:50,0
DA:51,0
DA:52,0
DA:53,0
DA:54,0
DA:55,0
DA:60,0
DA:61,0
DA:62,0
DA:63,0
DA:64,0
DA:68,0
DA:69,0
DA:70,0
DA:71,0
DA:72,0
DA:76,0
DA:77,0
DA:78,0
DA:79,0
DA:80,0
DA:82,0
DA:84,0
LF:34
LH:0
end_of_record
SF:lib/app/pages/username_page/cubit/username_cubit.dart
DA:11,2
DA:15,1
DA:16,1
DA:17,1
DA:18,2
DA:19,1
DA:23,1
DA:30,1
DA:31,1
DA:32,3
DA:33,2
DA:35,2
DA:38,1
LF:13
LH:13
end_of_record
SF:lib/domain/use_case/create_user_use_case.dart
DA:12,0
DA:16,0
DA:18,0
DA:19,0
DA:20,0
LF:5
LH:0
end_of_record
SF:lib/domain/use_case/delete_folder_use_case.dart
DA:12,0
DA:16,0
DA:18,0
DA:19,0
DA:20,0
LF:5
LH:0
end_of_record
SF:lib/domain/use_case/delete_word_use_case.dart
DA:13,0
DA:17,0
DA:19,0
DA:20,0
DA:21,0
DA:27,1
DA:32,0
DA:33,0
LF:8
LH:1
end_of_record
SF:lib/domain/use_case/get_currect_user_use_case.dart
DA:11,0
DA:15,0
DA:17,0
DA:18,0
DA:19,0
LF:5
LH:0
end_of_record
SF:lib/domain/use_case/get_folders_use_case.dart
DA:11,0
DA:15,0
DA:17,0
DA:18,0
DA:19,0
LF:5
LH:0
end_of_record
SF:lib/domain/use_case/get_user_profile_use_case.dart
DA:11,0
DA:15,0
DA:17,0
DA:18,0
DA:19,0
LF:5
LH:0
end_of_record
SF:lib/domain/use_case/login_use_case.dart
DA:12,0
DA:16,0
DA:18,0
DA:19,0
DA:20,0
LF:5
LH:0
end_of_record
SF:lib/domain/use_case/new_data_folder_use_case.dart
DA:12,0
DA:16,0
DA:18,0
DA:19,0
DA:20,0
LF:5
LH:0
end_of_record
SF:lib/domain/use_case/sign_out_use_case.dart
DA:11,0
DA:15,0
DA:17,0
DA:18,0
DA:19,0
LF:5
LH:0
end_of_record
SF:lib/domain/use_case/update_user_profile_use_case.dart
DA:12,1
DA:16,1
DA:18,3
DA:19,2
DA:20,1
LF:5
LH:5
end_of_record
SF:lib/data/dto/database/folder_dto.dart
DA:18,0
DA:20,0
DA:21,0
DA:22,0
DA:23,0
DA:24,0
LF:6
LH:0
end_of_record
SF:lib/data/dto/database/folder_dto.g.dart
DA:9,0
DA:10,0
DA:11,0
DA:12,0
DA:13,0
DA:14,0
DA:15,0
DA:18,0
DA:19,0
DA:20,0
DA:21,0
DA:22,0
LF:12
LH:0
end_of_record
SF:lib/data/dto/database/words_dto.dart
DA:18,0
DA:20,0
DA:21,0
DA:22,0
DA:23,0
DA:24,0
DA:25,0
LF:7
LH:0
end_of_record
SF:lib/data/dto/database/words_dto.g.dart
DA:9,0
DA:10,0
DA:11,0
DA:12,0
DA:13,0
DA:14,0
DA:17,0
DA:18,0
DA:19,0
DA:20,0
DA:21,0
DA:22,0
LF:12
LH:0
end_of_record
SF:lib/data/dto/user/create_user_dto.dart
DA:15,0
DA:16,0
DA:18,0
DA:19,0
DA:20,0
DA:21,0
LF:6
LH:0
end_of_record
SF:lib/data/dto/user/create_user_dto.g.dart
DA:9,0
DA:10,0
DA:11,0
DA:12,0
DA:15,0
DA:16,0
DA:17,0
DA:18,0
LF:8
LH:0
end_of_record
SF:lib/data/dto/user/login_dto.dart
DA:15,0
DA:16,0
DA:18,0
DA:19,0
DA:20,0
DA:21,0
LF:6
LH:0
end_of_record
SF:lib/data/dto/user/login_dto.g.dart
DA:9,0
DA:10,0
DA:11,0
DA:12,0
DA:15,0
DA:16,0
DA:17,0
DA:18,0
LF:8
LH:0
end_of_record
SF:lib/data/dto/user/user_profile_dto.dart
DA:22,0
DA:24,1
DA:25,1
DA:26,1
DA:27,1
DA:28,1
DA:29,1
DA:30,1
DA:31,1
DA:32,1
DA:33,1
LF:11
LH:10
end_of_record
SF:lib/data/dto/user/user_profile_dto.g.dart
DA:9,0
DA:10,0
DA:11,0
DA:12,0
DA:13,0
DA:14,0
DA:15,0
DA:16,0
DA:17,0
DA:18,0
DA:19,0
DA:20,0
DA:23,1
DA:25,1
DA:26,1
DA:27,1
DA:28,1
DA:29,3
DA:30,1
DA:31,1
DA:32,1
DA:33,1
LF:22
LH:10
end_of_record
SF:lib/domain/entities/create_user_entity.dart
DA:14,0
DA:15,0
DA:16,0
LF:3
LH:0
end_of_record
SF:lib/domain/entities/database/folder_entity.dart
DA:16,0
DA:17,0
DA:18,0
DA:19,0
LF:4
LH:0
end_of_record
SF:lib/domain/entities/database/words_entity.dart
DA:16,0
DA:17,0
DA:18,0
DA:19,0
DA:20,0
DA:21,0
LF:6
LH:0
end_of_record
SF:lib/domain/entities/login_entity.dart
DA:14,0
DA:15,0
DA:16,0
LF:3
LH:0
end_of_record
SF:lib/domain/entities/user/user_profile_entity.dart
DA:21,0
DA:22,0
DA:23,0
DA:24,0
DA:25,0
DA:26,0
DA:27,0
DA:28,0
DA:29,0
DA:30,0
LF:10
LH:0
end_of_record
SF:lib/app/pages/add_folder_words_page/add_folder_words_page.dart
DA:17,1
DA:26,1
DA:27,1
DA:28,2
DA:29,1
DA:30,1
DA:33,1
DA:34,2
DA:35,0
DA:36,0
DA:38,2
DA:39,2
DA:40,1
DA:43,0
DA:51,1
DA:59,1
DA:60,1
DA:66,1
DA:70,1
DA:72,2
DA:73,2
DA:74,1
DA:77,1
DA:78,2
DA:79,2
DA:80,1
DA:84,1
DA:85,1
DA:86,2
DA:87,1
DA:92,0
DA:94,0
DA:95,0
DA:96,0
DA:97,0
DA:100,0
DA:103,0
DA:104,0
DA:107,0
DA:113,0
DA:114,0
DA:115,0
DA:116,0
DA:117,0
DA:118,0
DA:122,0
DA:126,0
DA:127,0
DA:128,0
DA:129,0
DA:130,0
DA:134,0
DA:136,0
DA:137,0
DA:138,0
DA:142,1
DA:143,1
DA:144,1
DA:145,1
DA:147,6
DA:149,1
DA:150,1
DA:151,1
DA:152,2
DA:153,1
DA:154,3
DA:155,1
DA:156,1
DA:157,1
DA:158,1
DA:159,1
DA:164,1
DA:166,1
DA:167,2
DA:168,3
DA:169,1
DA:170,1
DA:172,1
DA:173,1
DA:174,1
DA:175,1
DA:176,2
DA:177,2
DA:180,1
DA:181,0
DA:182,0
DA:183,0
DA:185,1
DA:186,2
DA:187,2
DA:191,4
DA:195,1
DA:197,2
DA:198,2
DA:199,1
LF:95
LH:64
end_of_record
SF:lib/injectable/injectable.dart
DA:6,0
DA:8,0
DA:9,0
LF:3
LH:0
end_of_record
SF:lib/app/widgets/app_scaffold.dart
DA:10,7
DA:39,7
DA:40,7
DA:41,7
DA:43,7
DA:44,7
DA:45,4
DA:47,4
DA:48,4
DA:49,4
DA:50,4
DA:51,4
DA:52,8
DA:53,12
DA:57,4
DA:58,3
DA:62,0
DA:63,0
DA:68,7
DA:69,7
DA:70,7
DA:71,7
DA:72,14
DA:77,7
DA:78,7
DA:86,7
DA:87,14
DA:88,7
DA:90,7
DA:97,7
DA:102,7
DA:109,7
DA:110,7
DA:111,7
DA:115,7
LF:35
LH:33
end_of_record
SF:lib/app/widgets/app_snackbar.dart
DA:6,2
DA:11,4
DA:12,2
DA:13,2
DA:15,2
DA:17,6
LF:6
LH:6
end_of_record
SF:lib/app/widgets/custom_drawer/custom_drawer.dart
DA:15,153
DA:21,0
DA:22,0
DA:23,0
DA:24,0
DA:25,0
DA:26,0
DA:28,0
DA:34,0
DA:36,0
DA:37,0
DA:39,0
DA:40,0
DA:41,0
DA:45,0
DA:46,0
DA:52,0
DA:56,0
DA:57,0
DA:58,0
DA:69,0
DA:71,0
DA:72,0
DA:73,0
DA:74,0
DA:76,0
DA:80,0
DA:81,0
DA:82,0
DA:86,0
DA:87,0
DA:88,0
DA:93,0
DA:94,0
DA:95,0
DA:104,0
DA:108,0
DA:109,0
LF:38
LH:1
end_of_record
SF:lib/app/widgets/custom_text_field.dart
DA:9,4
DA:40,4
DA:41,4
DA:47,4
DA:49,4
DA:50,12
DA:53,4
DA:54,4
DA:55,4
DA:56,4
DA:57,8
DA:58,8
DA:61,4
DA:62,4
DA:63,8
DA:70,4
DA:71,8
DA:72,8
DA:73,8
DA:74,8
DA:75,8
DA:76,8
DA:77,4
DA:78,8
DA:80,4
DA:81,8
DA:82,2
DA:83,0
DA:84,4
DA:87,8
DA:89,8
DA:92,8
DA:93,12
DA:96,4
DA:99,12
LF:35
LH:34
end_of_record
SF:lib/app/widgets/progress_indicator.dart
DA:8,136
DA:11,3
DA:13,3
DA:14,3
DA:15,3
LF:5
LH:5
end_of_record
SF:lib/app/pages/add_folder_words_page/widgets/added_words_grid.dart
DA:7,1
DA:14,1
DA:16,1
DA:17,1
DA:18,1
DA:19,1
DA:20,2
DA:27,2
DA:28,2
LF:9
LH:9
end_of_record
SF:lib/app/pages/add_folder_words_page/widgets/added_word_card.dart
DA:5,1
DA:12,1
DA:14,1
DA:16,1
DA:18,1
DA:20,1
DA:21,1
DA:22,2
DA:26,1
DA:27,2
LF:10
LH:10
end_of_record
SF:lib/app/pages/create_folder_page/create_folder_page.dart
DA:10,0
DA:15,0
DA:16,0
DA:17,0
DA:20,0
DA:21,0
DA:22,0
DA:24,0
DA:25,0
DA:26,0
DA:28,0
DA:29,0
DA:30,0
DA:34,0
DA:35,0
DA:36,0
DA:38,0
DA:40,0
DA:42,0
DA:43,0
DA:44,0
DA:46,0
DA:48,0
DA:50,0
DA:51,0
DA:52,0
DA:53,0
DA:54,0
DA:55,0
DA:56,0
DA:58,0
LF:31
LH:0
end_of_record
SF:lib/app/pages/create_folder_page/widgets/country_button.dart
DA:8,1
DA:17,1
DA:18,1
DA:24,1
DA:26,3
DA:27,1
DA:30,0
DA:31,0
DA:32,0
DA:33,0
DA:34,0
DA:35,0
DA:36,0
DA:39,0
DA:40,0
DA:45,1
DA:47,1
DA:50,1
DA:51,4
DA:52,1
DA:54,1
DA:55,1
DA:56,1
LF:23
LH:14
end_of_record
SF:lib/app/theme/theme_manager.dart
DA:39,5
DA:40,5
DA:62,0
DA:115,14
DA:173,0
DA:202,14
LF:6
LH:4
end_of_record
SF:lib/app/pages/dictionary_page/cubit/dictionary_cubit.dart
DA:9,0
DA:13,0
DA:14,0
DA:15,0
DA:16,0
DA:17,0
DA:18,0
LF:7
LH:0
end_of_record
SF:lib/domain/use_case/get_word_info_use_case.dart
DA:11,0
DA:15,0
DA:17,0
DA:18,0
DA:19,0
LF:5
LH:0
end_of_record
SF:lib/domain/entities/words/everything_entity.dart
DA:19,0
DA:20,0
DA:21,0
DA:22,0
DA:23,0
DA:24,0
DA:25,0
DA:26,0
DA:27,0
DA:28,0
DA:31,0
DA:32,0
DA:33,0
DA:34,0
DA:36,0
DA:37,0
LF:16
LH:0
end_of_record
SF:lib/app/pages/dictionary_page/dictionary_page.dart
DA:23,17
DA:25,0
DA:27,0
DA:32,0
DA:35,0
DA:36,0
DA:37,0
DA:38,0
DA:39,0
DA:41,0
DA:43,0
DA:45,0
DA:46,0
DA:47,0
DA:53,0
DA:62,17
DA:70,0
DA:72,0
DA:73,0
DA:74,0
DA:75,0
DA:77,0
DA:78,0
DA:86,0
DA:87,0
DA:91,0
DA:92,0
DA:93,0
DA:100,0
DA:105,0
DA:106,0
DA:107,0
DA:108,0
DA:109,0
DA:110,0
DA:111,0
DA:112,0
DA:113,0
DA:114,0
DA:115,0
LF:40
LH:2
end_of_record
SF:lib/app/theme/app_colors.dart
DA:7,0
LF:1
LH:0
end_of_record
SF:lib/app/theme/app_dimensions.dart
DA:2,0
LF:1
LH:0
end_of_record
SF:lib/app/utils/enums/context_extension.dart
DA:6,21
DA:8,0
DA:10,14
DA:12,21
DA:14,2
LF:5
LH:4
end_of_record
SF:lib/app/pages/dictionary_page/widgets/dictionary_container.dart
DA:12,0
DA:31,0
DA:33,0
DA:34,0
DA:35,0
DA:36,0
DA:39,0
DA:40,0
DA:41,0
DA:43,0
DA:44,0
DA:45,0
DA:47,0
DA:48,0
DA:49,0
DA:51,0
DA:52,0
DA:53,0
DA:56,0
DA:57,0
DA:58,0
DA:59,0
DA:61,0
DA:63,0
DA:64,0
DA:65,0
DA:71,0
DA:72,0
DA:74,0
DA:75,0
DA:76,0
DA:78,0
DA:79,0
DA:81,0
DA:82,0
DA:84,0
DA:87,0
DA:99,0
DA:102,0
DA:103,0
DA:104,0
DA:105,0
DA:106,0
DA:109,0
DA:111,0
DA:112,0
DA:113,0
DA:116,0
DA:117,0
DA:119,0
DA:120,0
DA:121,0
DA:124,0
DA:125,0
DA:128,0
DA:129,0
DA:130,0
DA:131,0
DA:132,0
DA:133,0
DA:134,0
DA:135,0
DA:137,0
DA:143,0
DA:144,0
DA:145,0
DA:146,0
DA:147,0
DA:148,0
DA:157,0
LF:70
LH:0
end_of_record
SF:lib/app/widgets/custom_list_tile.dart
DA:6,0
DA:19,0
DA:20,0
DA:21,0
DA:26,0
DA:27,0
DA:28,0
LF:7
LH:0
end_of_record
SF:lib/app/pages/dictionary_page/widgets/expansion_panel_item.dart
DA:2,0
LF:1
LH:0
end_of_record
SF:lib/app/pages/edit_words_page/cubit/edit_words_cubit.dart
DA:14,0
DA:19,0
DA:27,0
DA:28,0
DA:31,0
DA:32,0
DA:33,0
DA:35,0
DA:36,0
DA:37,0
DA:38,0
DA:40,0
DA:41,0
DA:47,0
DA:48,0
DA:49,0
DA:50,0
DA:51,0
DA:53,0
DA:57,0
DA:58,0
DA:59,0
DA:60,0
DA:62,0
DA:63,0
DA:67,0
DA:75,0
DA:76,0
DA:78,0
DA:79,0
DA:80,0
DA:88,0
DA:90,0
DA:91,0
DA:94,0
DA:95,0
DA:96,0
DA:97,0
DA:105,0
DA:107,0
DA:108,0
DA:111,0
DA:112,0
DA:113,0
DA:114,0
DA:115,0
DA:116,0
DA:118,0
DA:119,0
LF:49
LH:0
end_of_record
SF:lib/domain/use_case/add_word_use_case.dart
DA:13,0
DA:17,0
DA:19,0
DA:20,0
DA:21,0
DA:28,0
LF:6
LH:0
end_of_record
SF:lib/domain/use_case/edit_word_use_case.dart
DA:13,0
DA:17,0
DA:19,0
DA:20,0
DA:21,0
DA:28,0
LF:6
LH:0
end_of_record
SF:lib/app/pages/edit_words_page/edit_words_page.dart
DA:23,0
DA:27,0
DA:29,0
DA:30,0
DA:31,0
DA:32,0
DA:33,0
DA:34,0
DA:35,0
DA:36,0
DA:39,0
DA:40,0
DA:42,0
DA:47,0
DA:48,0
DA:49,0
DA:50,0
DA:51,0
DA:54,0
DA:58,0
DA:59,0
DA:62,0
DA:63,0
DA:64,0
DA:65,0
DA:66,0
DA:71,0
DA:72,0
DA:76,0
DA:77,0
DA:88,0
DA:98,0
DA:100,0
DA:101,0
DA:102,0
DA:103,0
DA:104,0
DA:105,0
DA:107,0
DA:108,0
DA:109,0
DA:110,0
DA:111,0
DA:112,0
DA:113,0
DA:114,0
DA:122,0
DA:123,0
DA:124,0
DA:125,0
DA:126,0
DA:131,0
DA:134,0
DA:135,0
DA:136,0
DA:137,0
DA:138,0
DA:139,0
DA:140,0
DA:142,0
DA:143,0
DA:145,0
DA:146,0
DA:147,0
DA:148,0
DA:149,0
DA:150,0
DA:151,0
DA:152,0
DA:153,0
DA:154,0
DA:155,0
DA:156,0
DA:160,0
DA:175,0
DA:179,0
DA:180,0
DA:181,0
DA:182,0
DA:183,0
DA:184,0
DA:189,0
LF:82
LH:0
end_of_record
SF:lib/app/utils/enums/string_extensions.dart
DA:2,2
DA:3,10
DA:8,7
DA:9,42
DA:11,14
DA:13,7
LF:6
LH:6
end_of_record
SF:lib/app/utils/router/app_router.dart
DA:27,0
DA:28,0
DA:29,0
DA:30,0
DA:31,0
DA:32,0
DA:33,0
DA:34,0
DA:35,0
DA:36,0
DA:37,0
DA:38,0
DA:39,0
DA:40,0
LF:14
LH:0
end_of_record
SF:lib/app/widgets/app_floating_action_button.dart
DA:7,1
DA:14,1
DA:15,1
DA:17,1
DA:21,1
LF:5
LH:5
end_of_record
SF:lib/app/widgets/custom_word_dialog.dart
DA:11,0
DA:26,0
DA:27,0
DA:28,0
DA:34,0
DA:47,0
DA:48,0
DA:49,0
DA:51,0
DA:52,0
DA:53,0
DA:54,0
DA:55,0
DA:57,0
DA:58,0
DA:59,0
DA:60,0
DA:62,0
DA:67,0
DA:71,0
DA:73,0
DA:78,0
LF:22
LH:0
end_of_record
SF:lib/app/pages/edit_words_page/widgets/edit_word_container.dart
DA:11,0
DA:24,0
DA:25,0
DA:29,0
DA:37,0
DA:38,0
DA:40,0
DA:42,0
DA:53,0
DA:55,0
DA:57,0
DA:58,0
DA:59,0
DA:66,0
DA:67,0
DA:68,0
DA:69,0
DA:70,0
DA:71,0
DA:86,0
DA:87,0
DA:88,0
DA:89,0
DA:90,0
DA:91,0
DA:100,0
DA:101,0
DA:102,0
DA:109,0
DA:110,0
DA:112,0
DA:114,0
DA:115,0
DA:122,0
DA:124,0
DA:125,0
LF:36
LH:0
end_of_record
SF:lib/app/pages/flashcard_page/cubit/flashcard_cubit.dart
DA:12,0
DA:17,0
DA:18,0
DA:19,0
DA:20,0
DA:22,0
DA:27,0
DA:34,0
DA:35,0
DA:36,0
DA:40,0
DA:41,0
DA:42,0
DA:43,0
DA:45,0
DA:46,0
DA:47,0
DA:49,0
DA:51,0
DA:52,0
DA:53,0
DA:56,0
DA:60,0
DA:61,0
LF:24
LH:0
end_of_record
SF:lib/domain/use_case/update_folder_data.dart
DA:12,0
DA:16,0
DA:18,0
DA:19,0
DA:20,0
LF:5
LH:0
end_of_record
SF:lib/app/pages/flashcard_page/flashcard_page.dart
DA:20,0
DA:31,0
DA:32,0
DA:33,0
DA:36,0
DA:37,0
DA:38,0
DA:39,0
DA:40,0
DA:41,0
DA:42,0
DA:47,0
DA:48,0
DA:50,0
DA:51,0
DA:52,0
DA:53,0
DA:54,0
DA:63,0
DA:73,0
DA:75,0
DA:76,0
DA:78,0
DA:79,0
DA:80,0
DA:81,0
DA:82,0
DA:83,0
DA:84,0
DA:86,0
DA:87,0
DA:88,0
DA:89,0
DA:90,0
DA:93,0
DA:94,0
DA:95,0
DA:96,0
DA:105,0
DA:106,0
DA:111,0
DA:112,0
DA:122,0
DA:123,0
DA:125,0
DA:127,0
DA:128,0
DA:129,0
DA:130,0
DA:131,0
DA:137,0
DA:139,0
DA:140,0
DA:142,0
DA:145,0
DA:146,0
DA:148,0
DA:150,0
DA:156,0
DA:160,0
DA:161,0
DA:163,0
DA:165,0
DA:170,0
DA:174,0
DA:175,0
DA:176,0
DA:190,0
DA:196,0
DA:204,0
DA:206,0
DA:208,0
DA:210,0
DA:211,0
DA:212,0
DA:213,0
DA:214,0
DA:215,0
DA:217,0
DA:218,0
DA:219,0
DA:228,0
DA:229,0
DA:230,0
LF:84
LH:0
end_of_record
SF:lib/app/widgets/flashcard_container.dart
DA:9,0
DA:13,0
DA:14,0
DA:15,0
DA:16,0
DA:23,0
DA:33,0
DA:34,0
DA:35,0
DA:36,0
LF:10
LH:0
end_of_record
SF:lib/app/widgets/rounded_icon_button.dart
DA:7,0
DA:26,0
DA:27,0
DA:29,0
DA:30,0
DA:31,0
DA:35,0
DA:36,0
DA:39,0
DA:40,0
DA:41,0
DA:42,0
DA:43,0
DA:44,0
DA:45,0
DA:46,0
DA:48,0
DA:49,0
DA:50,0
DA:51,0
LF:20
LH:0
end_of_record
SF:lib/app/pages/folder_content_page/folder_content_page.dart
DA:14,1
DA:24,1
DA:25,1
DA:27,3
DA:29,0
DA:30,1
DA:31,2
DA:32,1
DA:33,2
DA:34,0
DA:35,0
DA:38,2
DA:39,0
DA:40,2
DA:41,0
DA:49,1
DA:53,1
DA:55,1
DA:56,1
DA:57,1
DA:58,1
DA:59,3
DA:60,2
DA:61,1
DA:62,0
DA:63,0
DA:66,3
DA:71,1
DA:72,1
DA:73,1
DA:79,0
DA:80,0
DA:82,2
DA:85,1
DA:91,0
DA:92,2
LF:36
LH:26
end_of_record
SF:lib/app/widgets/app_elevated_button.dart
DA:7,4
DA:20,4
DA:21,4
DA:22,4
DA:23,4
DA:24,4
DA:25,4
DA:26,4
DA:32,4
DA:33,4
DA:34,12
LF:11
LH:11
end_of_record
SF:lib/app/pages/folder_content_page/widgets/words_container.dart
DA:9,1
DA:20,1
DA:21,1
DA:22,1
DA:23,1
DA:25,1
DA:27,1
DA:28,1
DA:29,1
DA:30,1
DA:31,1
DA:32,3
DA:33,3
DA:40,1
DA:42,1
DA:43,3
DA:44,2
DA:54,1
DA:56,1
DA:57,3
DA:58,2
DA:61,3
DA:62,2
DA:64,0
DA:65,0
DA:71,2
LF:26
LH:24
end_of_record
SF:lib/app/pages/home_page/widgets/dismissible_background.dart
DA:4,34
DA:6,0
DA:7,0
LF:3
LH:1
end_of_record
SF:lib/app/pages/home_page/widgets/folder_list_tile.dart
DA:4,2
DA:8,2
DA:9,2
DA:26,6
DA:27,2
DA:28,2
LF:6
LH:6
end_of_record
SF:lib/app/pages/home_page/home_page.dart
DA:20,1
DA:27,1
DA:28,1
DA:35,1
DA:36,3
DA:37,1
DA:38,2
DA:39,1
DA:40,2
DA:41,2
DA:42,0
DA:44,2
DA:45,0
DA:47,0
DA:56,1
DA:60,1
DA:61,1
DA:67,1
DA:69,1
DA:70,2
DA:73,1
DA:75,1
DA:76,1
DA:77,1
DA:78,1
DA:79,2
DA:80,1
DA:82,4
DA:84,1
DA:86,1
DA:88,1
DA:89,3
DA:90,2
DA:91,0
DA:92,0
DA:93,0
DA:96,1
DA:97,0
DA:98,0
DA:99,0
DA:101,0
DA:103,0
DA:106,3
DA:109,3
DA:114,1
DA:116,2
DA:117,1
LF:47
LH:36
end_of_record
SF:lib/app/utils/translation/generated/l10n.dart
DA:16,7
DA:20,0
DA:21,0
DA:28,7
DA:29,7
DA:30,0
DA:31,7
DA:32,7
DA:33,21
DA:34,7
DA:35,7
DA:42,7
DA:43,7
DA:44,7
DA:49,7
DA:50,7
DA:54,0
DA:55,0
DA:59,0
DA:64,0
DA:65,0
DA:69,0
DA:74,1
DA:75,1
DA:79,1
DA:84,0
DA:85,0
DA:89,0
DA:94,2
DA:95,2
DA:99,2
DA:104,1
DA:105,1
DA:109,1
DA:114,0
DA:115,0
DA:119,0
DA:124,1
DA:125,1
DA:129,1
DA:134,2
DA:135,2
DA:139,2
DA:144,0
DA:145,0
DA:149,0
DA:154,0
DA:155,0
DA:159,0
DA:164,0
DA:165,0
DA:169,0
DA:174,0
DA:175,0
DA:179,0
DA:184,2
DA:185,2
DA:189,2
DA:194,0
DA:195,0
DA:199,0
DA:204,2
DA:205,2
DA:209,2
DA:214,0
DA:215,0
DA:219,0
DA:224,1
DA:225,1
DA:229,1
DA:234,1
DA:235,1
DA:239,1
DA:244,0
DA:245,0
DA:249,0
DA:254,0
DA:255,0
DA:259,0
DA:264,0
DA:265,0
DA:269,0
DA:274,0
DA:275,0
DA:279,0
DA:284,0
DA:285,0
DA:289,0
DA:294,0
DA:295,0
DA:299,0
DA:304,0
DA:305,0
DA:309,0
DA:314,0
DA:315,0
DA:319,0
DA:324,2
DA:325,2
DA:329,2
DA:334,1
DA:335,1
DA:339,1
DA:344,0
DA:345,0
DA:349,0
DA:354,0
DA:355,0
DA:359,0
DA:364,1
DA:365,1
DA:369,1
DA:374,1
DA:375,1
DA:379,1
DA:384,2
DA:385,2
DA:389,2
DA:394,0
DA:395,0
DA:399,0
DA:404,0
DA:405,0
DA:409,0
DA:414,0
DA:415,0
DA:416,0
DA:419,0
DA:424,0
DA:425,0
DA:429,0
DA:434,1
DA:435,1
DA:439,1
DA:444,1
DA:445,1
DA:449,1
DA:454,0
DA:455,0
DA:459,0
DA:464,0
DA:465,0
DA:469,0
DA:474,1
DA:475,1
DA:479,1
DA:484,0
DA:485,0
DA:489,0
DA:494,0
DA:495,0
DA:499,0
DA:504,0
DA:505,0
DA:509,0
DA:514,0
DA:515,0
DA:519,0
DA:524,0
DA:525,0
DA:529,0
DA:534,0
DA:535,0
DA:539,0
DA:544,0
DA:545,0
DA:549,0
DA:554,0
DA:555,0
DA:556,0
DA:559,0
DA:564,0
DA:565,0
DA:569,0
DA:574,0
DA:575,0
DA:579,0
DA:584,0
DA:585,0
DA:589,0
DA:594,0
DA:595,0
DA:599,0
DA:604,0
DA:605,0
DA:609,0
DA:614,0
DA:615,0
DA:619,0
DA:624,0
DA:625,0
DA:629,0
DA:634,0
DA:635,0
DA:639,0
DA:644,0
DA:645,0
DA:649,0
DA:654,0
DA:655,0
DA:659,0
DA:664,0
DA:665,0
DA:669,0
DA:674,0
DA:675,0
DA:679,0
DA:684,0
DA:685,0
DA:689,0
DA:694,0
DA:695,0
DA:699,0
DA:704,0
DA:705,0
DA:709,0
DA:714,0
DA:715,0
DA:719,0
DA:724,0
DA:725,0
DA:729,0
DA:734,0
DA:735,0
DA:739,0
DA:744,1
DA:745,1
DA:749,1
DA:754,1
DA:755,1
DA:759,1
DA:764,0
DA:765,0
DA:769,0
DA:774,1
DA:775,1
DA:779,1
DA:784,1
DA:785,1
DA:789,1
DA:794,0
DA:795,0
DA:799,0
DA:804,0
DA:805,0
DA:809,0
DA:814,1
DA:815,1
DA:819,1
DA:824,1
DA:825,1
DA:829,1
DA:834,1
DA:835,1
DA:839,1
DA:844,1
DA:845,1
DA:849,1
DA:854,0
DA:855,0
DA:859,0
DA:864,1
DA:865,1
DA:869,1
DA:874,1
DA:875,1
DA:879,1
DA:884,1
DA:885,1
DA:889,1
DA:894,1
DA:895,1
DA:899,1
DA:904,1
DA:905,1
DA:909,1
DA:914,1
DA:915,1
DA:919,1
DA:925,17
DA:927,7
DA:933,7
DA:934,7
DA:935,7
DA:936,7
DA:937,0
DA:940,7
DA:941,14
DA:942,21
LF:289
LH:115
end_of_record
SF:lib/app/pages/home_page/widgets/add_folder_action_button.dart
DA:6,17
DA:8,1
DA:9,1
DA:15,1
DA:17,1
DA:18,2
DA:21,0
DA:22,0
DA:24,0
DA:25,0
DA:28,0
DA:29,0
DA:33,1
DA:35,1
DA:36,1
LF:15
LH:9
end_of_record
SF:lib/app/pages/home_page/widgets/alphabet_letters.dart
DA:6,1
DA:15,1
DA:16,1
DA:23,1
DA:25,1
DA:27,3
DA:28,10
DA:29,4
DA:31,0
DA:35,0
DA:36,0
DA:37,0
DA:38,0
DA:39,0
DA:40,0
DA:41,0
DA:42,0
DA:48,0
DA:50,0
DA:51,0
DA:56,0
DA:57,0
DA:60,1
DA:61,1
DA:63,2
DA:64,2
DA:65,0
DA:66,4
DA:67,2
DA:71,1
DA:73,4
DA:74,1
LF:32
LH:17
end_of_record
SF:lib/app/pages/home_page/widgets/empty_home_widget.dart
DA:6,18
DA:13,1
DA:15,1
DA:17,1
DA:18,3
DA:19,1
DA:20,2
DA:21,3
LF:8
LH:8
end_of_record
SF:lib/app/pages/home_page/widgets/folder_container.dart
DA:10,1
DA:21,1
DA:23,6
DA:25,1
DA:26,1
DA:27,1
DA:28,1
DA:29,1
DA:31,1
DA:33,1
DA:35,1
DA:37,1
DA:39,1
DA:41,1
DA:42,3
DA:43,3
DA:52,1
DA:53,3
LF:18
LH:18
end_of_record
SF:lib/app/widgets/custom_dialog.dart
DA:6,0
DA:13,0
DA:14,0
DA:16,0
DA:18,0
DA:20,0
DA:22,0
DA:23,0
DA:32,0
DA:33,0
DA:34,0
DA:35,0
DA:36,0
DA:38,0
DA:40,0
DA:41,0
DA:42,0
DA:43,0
DA:45,0
DA:50,0
DA:51,0
DA:52,0
DA:55,0
DA:58,0
DA:59,0
DA:60,0
LF:26
LH:0
end_of_record
SF:lib/app/widgets/alphabet_container.dart
DA:4,1
DA:15,1
DA:16,1
DA:17,1
DA:18,1
DA:19,1
DA:21,1
DA:22,1
DA:23,1
DA:27,1
DA:28,1
DA:29,1
DA:30,3
DA:31,1
DA:32,1
LF:15
LH:15
end_of_record
SF:lib/app/pages/home_page/widgets/language_flags_box.dart
DA:6,17
DA:15,1
DA:16,1
DA:18,1
DA:19,1
DA:20,1
DA:24,1
DA:25,1
LF:8
LH:8
end_of_record
SF:lib/app/pages/home_page/widgets/words_match_progress_bar.dart
DA:6,1
DA:15,1
DA:17,1
DA:18,1
DA:19,1
DA:20,3
DA:21,3
DA:29,1
DA:33,2
LF:9
LH:9
end_of_record
SF:lib/app/pages/login_page/login_page.dart
DA:15,1
DA:19,1
DA:21,1
DA:23,1
DA:24,2
DA:25,1
DA:26,2
DA:27,0
DA:28,0
DA:29,2
DA:31,1
DA:34,2
DA:35,2
DA:39,1
DA:49,1
DA:54,1
DA:55,1
DA:62,1
DA:64,1
DA:65,4
DA:66,4
DA:69,1
DA:71,1
DA:72,1
DA:74,1
DA:76,1
DA:77,1
DA:78,2
DA:80,1
DA:81,1
DA:82,2
DA:86,1
DA:87,1
DA:88,1
DA:89,5
DA:91,1
DA:92,0
DA:93,2
DA:94,5
DA:95,3
DA:100,1
DA:102,2
DA:103,2
DA:104,1
LF:44
LH:41
end_of_record
SF:lib/app/pages/login_page/widgets/login_button.dart
DA:7,1
DA:16,1
DA:18,1
DA:19,0
DA:20,0
DA:21,0
DA:23,1
DA:24,0
DA:25,0
DA:26,0
DA:28,2
LF:11
LH:5
end_of_record
SF:lib/app/pages/registration_page/models/validation_errors.dart
DA:6,17
DA:16,0
DA:17,0
DA:18,0
DA:19,0
DA:20,0
LF:6
LH:1
end_of_record
SF:lib/app/pages/registration_page/registration_page.dart
DA:14,1
DA:18,1
DA:20,1
DA:22,1
DA:23,2
DA:24,1
DA:25,2
DA:26,0
DA:28,0
DA:30,0
DA:32,2
DA:33,0
DA:36,2
DA:37,1
DA:38,1
DA:39,1
DA:40,1
DA:41,1
DA:42,1
DA:52,1
DA:68,1
DA:69,1
DA:77,1
DA:79,1
DA:80,4
DA:81,4
DA:82,4
DA:85,1
DA:87,1
DA:88,1
DA:89,1
DA:90,1
DA:91,1
DA:92,1
DA:93,3
DA:94,2
DA:96,1
DA:97,1
DA:98,3
DA:99,2
DA:102,1
DA:103,1
DA:104,3
DA:105,2
DA:109,1
DA:110,0
DA:111,0
DA:112,0
DA:113,0
DA:115,2
DA:116,5
DA:118,1
DA:119,0
DA:120,2
DA:121,5
DA:122,3
DA:128,1
DA:130,2
DA:131,2
DA:132,2
DA:133,1
LF:61
LH:52
end_of_record
SF:lib/app/pages/result_page/result_page.dart
DA:16,0
DA:23,0
DA:25,0
DA:27,0
DA:28,0
DA:29,0
DA:31,0
DA:32,0
DA:33,0
DA:39,0
DA:40,0
DA:41,0
DA:46,0
DA:47,0
DA:48,0
DA:49,0
DA:50,0
DA:56,0
DA:57,0
DA:58,0
DA:65,0
DA:66,0
DA:67,0
DA:68,0
DA:69,0
DA:70,0
DA:71,0
DA:72,0
DA:73,0
DA:79,0
DA:80,0
DA:81,0
DA:82,0
DA:83,0
DA:84,0
LF:35
LH:0
end_of_record
SF:lib/domain/use_case/delete_account_use_case.dart
DA:11,0
DA:15,0
DA:17,0
DA:18,0
DA:19,0
LF:5
LH:0
end_of_record
SF:lib/domain/use_case/reset_password_use_case.dart
DA:11,0
DA:15,0
DA:17,0
DA:18,0
DA:19,0
LF:5
LH:0
end_of_record
SF:lib/app/pages/user_profile_page/user_profile_page.dart
DA:18,1
DA:25,1
DA:27,1
DA:32,1
DA:33,2
DA:34,1
DA:35,1
DA:36,2
DA:37,2
DA:41,0
DA:42,0
DA:43,0
DA:44,0
DA:45,0
DA:48,2
DA:49,2
DA:53,0
DA:54,0
DA:63,18
DA:71,1
DA:72,1
DA:80,1
DA:82,1
DA:83,2
DA:84,2
DA:87,1
DA:89,2
DA:90,2
DA:91,1
DA:94,1
DA:96,1
DA:97,1
DA:100,1
DA:101,1
DA:102,1
DA:104,1
DA:105,1
DA:108,1
DA:110,1
DA:111,5
DA:112,2
DA:117,1
DA:119,1
DA:120,0
DA:121,0
DA:122,0
DA:131,0
DA:133,0
DA:134,0
DA:137,0
DA:138,0
DA:140,0
DA:144,0
DA:145,0
DA:146,0
DA:148,0
DA:149,0
DA:150,0
DA:151,0
DA:152,0
DA:153,0
DA:159,0
DA:161,0
DA:162,0
DA:163,0
DA:164,0
DA:165,0
DA:166,0
DA:176,1
DA:177,1
DA:178,3
DA:181,1
DA:182,1
DA:184,1
DA:185,2
DA:187,2
DA:190,1
DA:191,1
DA:195,1
DA:196,1
DA:197,2
DA:200,1
DA:201,2
DA:204,1
DA:205,2
DA:210,1
DA:211,1
DA:213,1
DA:216,2
DA:219,1
DA:220,1
DA:221,1
DA:222,1
DA:223,2
DA:224,1
DA:227,1
DA:228,2
DA:229,0
DA:234,1
DA:235,2
DA:236,1
DA:239,1
DA:240,2
DA:241,0
DA:246,1
DA:247,2
DA:248,1
DA:251,1
DA:252,2
DA:253,0
DA:258,1
DA:260,1
DA:261,0
DA:262,1
DA:263,2
DA:264,2
DA:268,1
DA:270,1
DA:271,0
DA:273,0
DA:274,0
DA:275,0
DA:276,0
DA:277,0
DA:281,1
DA:282,2
DA:283,2
DA:287,1
DA:289,1
DA:290,0
DA:291,0
DA:293,1
DA:294,2
LF:133
LH:89
end_of_record
SF:lib/app/widgets/custom_dialog_with_text_field.dart
DA:6,0
DA:11,0
DA:13,0
DA:14,0
DA:17,0
DA:19,0
DA:21,0
DA:23,0
DA:25,0
DA:30,0
DA:32,0
DA:35,0
DA:39,0
DA:41,0
LF:14
LH:0
end_of_record
SF:lib/app/widgets/custom_settings_tile.dart
DA:4,1
DA:9,1
DA:11,1
DA:12,1
DA:14,1
DA:15,1
DA:16,1
DA:17,2
DA:19,1
LF:9
LH:9
end_of_record
SF:lib/app/widgets/progress_conrainer.dart
DA:4,1
DA:9,1
DA:11,1
DA:12,1
DA:13,1
DA:14,1
DA:17,1
DA:19,1
DA:22,1
DA:23,2
DA:24,2
DA:28,1
DA:29,1
DA:30,2
LF:14
LH:14
end_of_record
SF:lib/app/pages/username_page/username_page.dart
DA:14,1
DA:18,1
DA:20,1
DA:22,1
DA:23,2
DA:24,1
DA:25,2
DA:26,2
DA:28,1
DA:30,0
DA:32,2
DA:33,0
DA:34,2
DA:38,1
DA:47,1
DA:52,1
DA:53,1
DA:59,1
DA:61,1
DA:62,4
DA:65,1
DA:67,1
DA:68,1
DA:70,1
DA:72,1
DA:73,2
DA:74,2
DA:78,1
DA:79,1
DA:81,2
DA:82,3
DA:85,1
DA:86,0
DA:87,2
LF:34
LH:31
end_of_record
SF:lib/app/utils/translation/generated/intl/messages_all.dart
DA:22,21
DA:23,14
DA:26,7
DA:28,7
DA:29,7
DA:36,7
DA:37,7
DA:38,21
DA:39,0
DA:41,0
DA:43,14
DA:44,7
DA:45,21
DA:46,14
DA:47,7
DA:50,7
DA:52,7
DA:58,7
DA:60,7
DA:62,7
LF:20
LH:18
end_of_record
SF:lib/app/utils/translation/generated/intl/messages_pl.dart
DA:16,21
DA:21,0
DA:23,0
DA:25,0
DA:28,14
DA:29,7
DA:31,7
DA:33,7
DA:35,7
DA:38,7
DA:39,7
DA:40,7
DA:43,7
DA:44,7
DA:45,7
DA:46,7
DA:47,7
DA:49,7
DA:51,7
DA:53,7
DA:54,7
DA:56,7
DA:57,7
DA:58,7
DA:61,7
DA:62,7
DA:63,7
DA:64,7
DA:66,7
DA:68,7
DA:71,7
DA:73,7
DA:75,7
DA:76,7
DA:78,7
DA:80,7
DA:81,7
DA:83,7
DA:84,7
DA:85,7
DA:86,7
DA:88,7
DA:89,7
DA:91,7
DA:92,7
DA:94,7
DA:95,7
DA:96,7
DA:97,7
DA:98,7
DA:99,7
DA:101,7
DA:103,7
DA:105,7
DA:107,7
DA:108,7
DA:109,7
DA:112,7
DA:114,7
DA:115,7
DA:117,7
DA:118,7
DA:120,7
DA:122,7
DA:124,7
DA:126,7
DA:128,7
DA:130,7
DA:131,7
DA:133,7
DA:135,7
DA:137,7
DA:139,7
DA:141,7
DA:143,7
DA:145,7
DA:147,7
DA:149,7
DA:151,7
DA:152,7
DA:153,7
DA:156,7
DA:157,7
DA:160,7
DA:162,7
DA:164,7
DA:165,7
DA:166,7
DA:167,7
DA:169,7
LF:90
LH:87
end_of_record
SF:lib/app/widgets/custom_drawer/drawer_icon_button.dart
DA:8,0
DA:23,0
DA:24,0
DA:25,0
DA:26,0
DA:27,0
DA:28,0
DA:29,0
DA:36,0
DA:38,0
DA:40,0
DA:41,0
DA:42,0
DA:49,0
DA:50,0
DA:51,0
LF:16
LH:0
end_of_record
SF:lib/data/api/api_client.dart
DA:13,0
LF:1
LH:0
end_of_record
SF:lib/data/api/api_client.g.dart
DA:12,0
DA:21,0
DA:24,0
DA:25,0
DA:27,0
DA:28,0
DA:33,0
DA:34,0
DA:35,0
DA:39,0
DA:40,0
DA:41,0
DA:42,0
DA:44,0
DA:48,0
DA:51,0
DA:52,0
DA:54,0
DA:59,0
DA:60,0
DA:65,0
DA:66,0
DA:67,0
DA:68,0
DA:70,0
DA:74,0
DA:77,0
DA:78,0
DA:80,0
DA:85,0
DA:86,0
DA:91,0
DA:92,0
DA:93,0
DA:94,0
DA:96,0
DA:100,0
DA:103,0
DA:104,0
DA:106,0
DA:111,0
DA:112,0
DA:117,0
DA:118,0
DA:119,0
DA:120,0
DA:122,0
DA:126,0
DA:127,0
DA:128,0
DA:129,0
DA:130,0
DA:131,0
DA:133,0
DA:139,0
DA:143,0
DA:147,0
DA:149,0
DA:150,0
DA:153,0
LF:60
LH:0
end_of_record
SF:lib/data/dto/words/everything_dto.dart
DA:20,0
LF:1
LH:0
end_of_record
SF:lib/data/dto/words/everything_dto.g.dart
DA:9,0
DA:10,0
DA:11,0
DA:12,0
DA:13,0
DA:14,0
DA:15,0
DA:17,0
DA:18,0
DA:19,0
DA:22,0
DA:23,0
DA:24,0
DA:25,0
DA:26,0
DA:27,0
LF:16
LH:0
end_of_record
SF:lib/data/data_source/local/authentication_local_source_impl.dart
DA:7,0
LF:1
LH:0
end_of_record
SF:lib/data/data_source/remote/authentication_remote_source_impl.dart
DA:15,1
DA:20,4
DA:22,0
DA:25,0
DA:26,0
DA:27,0
DA:29,0
DA:30,0
DA:32,0
DA:34,0
DA:35,0
DA:40,0
DA:43,0
DA:44,0
DA:45,0
DA:46,0
DA:47,0
DA:48,0
DA:49,0
DA:50,0
DA:51,0
DA:52,0
DA:53,0
DA:54,0
DA:58,0
DA:59,0
DA:63,0
DA:66,0
DA:67,0
DA:68,0
DA:71,0
DA:72,0
DA:73,0
DA:74,0
DA:75,0
DA:76,0
DA:77,0
DA:78,0
DA:79,0
DA:80,0
DA:81,0
DA:82,0
DA:86,0
DA:87,0
DA:91,0
DA:94,0
DA:98,0
DA:101,0
DA:105,0
DA:108,0
DA:111,0
DA:115,1
DA:118,1
DA:119,5
DA:120,1
DA:121,0
DA:122,0
DA:123,0
DA:124,0
DA:125,0
DA:126,0
DA:127,0
DA:128,0
DA:129,0
DA:130,0
DA:132,0
DA:134,6
DA:138,0
DA:141,0
DA:145,0
DA:148,0
DA:149,0
DA:150,0
DA:151,0
DA:154,0
DA:157,0
DA:160,0
DA:164,0
DA:167,0
DA:170,0
DA:174,0
DA:177,0
DA:180,0
LF:83
LH:7
end_of_record
SF:lib/domain/utils/exception.dart
DA:4,1
LF:1
LH:1
end_of_record
SF:lib/data/data_source/remote/folders_data_source_impl.dart
DA:14,0
DA:19,0
DA:21,0
DA:23,0
DA:24,0
DA:27,0
DA:31,0
DA:34,0
DA:35,0
DA:36,0
DA:37,0
DA:38,0
DA:41,0
DA:44,0
DA:48,0
DA:51,0
DA:54,0
DA:58,0
DA:61,0
DA:64,0
DA:68,0
DA:71,0
DA:72,0
DA:76,0
DA:80,0
DA:83,0
DA:84,0
DA:88,0
DA:92,0
DA:95,0
DA:96,0
DA:100,0
LF:32
LH:0
end_of_record
SF:lib/data/data_source/remote/words_remote_source_impl.dart
DA:12,0
DA:16,0
DA:19,0
DA:20,0
DA:21,0
DA:22,0
DA:24,0
LF:7
LH:0
end_of_record
SF:lib/data/dto/words/definition_dto.dart
DA:16,0
LF:1
LH:0
end_of_record
SF:lib/data/dto/words/definition_dto.g.dart
DA:9,0
DA:10,0
DA:11,0
DA:12,0
DA:13,0
DA:14,0
DA:15,0
DA:17,0
DA:18,0
DA:19,0
DA:20,0
DA:23,0
DA:24,0
DA:25,0
DA:26,0
DA:27,0
DA:28,0
DA:29,0
LF:18
LH:0
end_of_record
SF:lib/data/dto/words/pronunciation_dto.dart
DA:13,0
LF:1
LH:0
end_of_record
SF:lib/data/dto/words/pronunciation_dto.g.dart
DA:9,0
DA:11,0
DA:12,0
DA:15,0
DA:17,0
DA:18,0
LF:6
LH:0
end_of_record
SF:lib/data/dto/words/syllables_dto.dart
DA:14,0
LF:1
LH:0
end_of_record
SF:lib/data/dto/words/syllables_dto.g.dart
DA:9,0
DA:10,0
DA:11,0
DA:12,0
DA:15,0
DA:16,0
DA:17,0
DA:18,0
LF:8
LH:0
end_of_record
SF:lib/data/repositories/authentication_repo_impl.dart
DA:20,1
DA:24,0
DA:29,0
DA:30,0
DA:31,0
DA:32,0
DA:38,0
DA:41,0
DA:42,0
DA:43,0
DA:44,0
DA:50,0
DA:53,0
DA:54,0
DA:55,0
DA:56,0
DA:62,0
DA:65,0
DA:71,1
DA:74,3
DA:76,1
DA:77,3
DA:83,0
DA:86,0
DA:87,0
DA:93,0
DA:96,0
DA:102,0
DA:105,0
LF:29
LH:5
end_of_record
SF:lib/data/repositories/folders_repository_impl.dart
DA:17,0
DA:21,0
DA:24,0
DA:26,0
DA:27,0
DA:33,0
DA:36,0
DA:37,0
DA:38,0
DA:39,0
DA:45,0
DA:48,0
DA:50,0
DA:51,0
DA:57,0
DA:60,0
DA:62,0
DA:63,0
DA:69,0
DA:72,0
DA:74,0
DA:75,0
DA:81,0
DA:84,0
DA:86,0
DA:87,0
DA:93,0
DA:96,0
DA:98,0
DA:99,0
LF:30
LH:0
end_of_record
SF:lib/data/repositories/words_repository_impl.dart
DA:13,0
DA:17,0
DA:20,0
DA:21,0
DA:22,0
DA:23,0
DA:24,0
LF:7
LH:0
end_of_record
SF:lib/injectable/modules/api_module.dart
DA:9,0
DA:10,0
DA:11,0
DA:13,0
DA:17,0
DA:18,0
DA:19,0
LF:7
LH:0
end_of_record
SF:lib/injectable/modules/app_router_module.dart
DA:7,0
DA:8,0
LF:2
LH:0
end_of_record
SF:lib/injectable/modules/firebase_auth_module.dart
DA:6,0
DA:7,0
LF:2
LH:0
end_of_record
SF:lib/injectable/modules/firestore_module.dart
DA:6,0
DA:7,0
LF:2
LH:0
end_of_record
SF:lib/injectable/modules/flutter_secure_storage_module.dart
DA:7,0
LF:1
LH:0
end_of_record
SF:lib/injectable/modules/tranlator_module.dart
DA:6,0
DA:7,0
LF:2
LH:0
end_of_record
